2025-07-18 19:31:21: info: 🚀 Connecting to MongoDB...
2025-07-18 19:31:21: info: 🚀 Connected to MongoDB!
2025-07-18 19:31:21: info: 🚀 MongoDB connection opened!
2025-07-18 19:32:33: info: 🚀 Connecting to MongoDB...
2025-07-18 19:32:33: info: server is listening port 5000
2025-07-18 19:32:33: info: 🚀 Connected to MongoDB!
2025-07-18 19:32:33: info: 🚀 MongoDB connection opened!
2025-07-18 19:33:17: info: 🚀 Connecting to MongoDB...
2025-07-18 19:33:17: info: Server is listening port 5000
2025-07-18 19:33:17: info: 🚀 Connected to MongoDB!
2025-07-18 19:33:17: info: 🚀 MongoDB connection opened!
2025-07-18 19:34:22: info: 🚀 Connecting to MongoDB...
2025-07-18 19:34:22: info: Server is listening port 5000
2025-07-18 19:34:22: info: 🚀 Connected to MongoDB!
2025-07-18 19:34:22: info: 🚀 MongoDB connection opened!
2025-07-18 19:34:34: info: 🚀 Connecting to MongoDB...
2025-07-18 19:34:34: info: Server is listening port 5000
2025-07-18 19:34:34: info: 🚀 Connected to MongoDB!
2025-07-18 19:34:34: info: 🚀 MongoDB connection opened!
2025-07-19 17:35:35: info: 🚀 Connecting to MongoDB...
2025-07-19 17:35:35: info: Server is listening port 5000
2025-07-19 17:35:40: info: 🚀 Connecting to MongoDB...
2025-07-19 17:35:40: info: Server is listening port 5000
2025-07-19 17:36:10: error: MongoDB disconnected! Reconnecting in 5s...
2025-07-19 17:37:17: info: 🚀 Connecting to MongoDB...
2025-07-19 17:37:17: info: Server is listening port 5000
2025-07-19 17:37:47: error: MongoDB disconnected! Reconnecting in 5s...
2025-07-19 17:38:25: info: 🚀 Connecting to MongoDB...
2025-07-19 17:38:25: info: Server is listening port 5000
2025-07-19 17:38:44: info: 🚀 Connecting to MongoDB...
2025-07-19 17:38:44: info: Server is listening port 5000
2025-07-19 17:39:14: error: MongoDB disconnected! Reconnecting in 5s...
2025-07-19 17:45:11: info: 🚀 Connecting to MongoDB...
2025-07-19 17:45:11: info: Server is listening port 5000
2025-07-19 17:45:11: info: 🚀 Connected to MongoDB!
2025-07-19 17:45:11: info: 🚀 MongoDB connection opened!
2025-07-19 17:58:59: info: 🚀 Connecting to MongoDB...
2025-07-19 17:58:59: info: Server is listening port 5000
2025-07-19 17:58:59: info: 🚀 Connected to MongoDB!
2025-07-19 17:58:59: info: 🚀 MongoDB connection opened!
2025-07-19 18:34:34: info: 🚀 Connecting to MongoDB...
2025-07-19 18:34:34: info: Server is listening port 5000
2025-07-19 18:34:34: info: 🚀 Connected to MongoDB!
2025-07-19 18:34:34: info: 🚀 MongoDB connection opened!
2025-07-19 18:41:42: info: 🚀 Connecting to MongoDB...
2025-07-19 18:41:42: info: Server is listening port 5000
2025-07-19 18:41:42: info: 🚀 Connected to MongoDB!
2025-07-19 18:41:42: info: 🚀 MongoDB connection opened!
2025-07-19 18:43:38: info: 🚀 Connecting to MongoDB...
2025-07-19 18:43:38: info: Server is listening port 5000
2025-07-19 18:43:38: info: 🚀 Connected to MongoDB!
2025-07-19 18:43:38: info: 🚀 MongoDB connection opened!
2025-07-19 18:44:51: info: 🚀 Connecting to MongoDB...
2025-07-19 18:44:51: info: Server is listening port 5000
2025-07-19 18:44:51: info: 🚀 Connected to MongoDB!
2025-07-19 18:44:51: info: 🚀 MongoDB connection opened!
2025-07-21 15:01:01: info: 🚀 Connecting to MongoDB...
2025-07-21 15:01:01: info: Server is listening port 5000
2025-07-21 15:01:02: info: 🚀 Connected to MongoDB!
2025-07-21 15:01:02: info: 🚀 MongoDB connection opened!
2025-07-21 15:01:47: info: POST /api/login
2025-07-21 15:01:47: error: ValidationError: body.email is required. body.password length must be at least 6 characters long. body.username is not allowed
2025-07-21 15:04:21: info: 🚀 Connecting to MongoDB...
2025-07-21 15:04:21: info: Server is listening port 5000
2025-07-21 15:04:21: info: 🚀 Connected to MongoDB!
2025-07-21 15:04:21: info: 🚀 MongoDB connection opened!
2025-07-21 15:04:25: info: POST /api/login
2025-07-21 15:05:39: info: 🚀 Connecting to MongoDB...
2025-07-21 15:05:39: info: Server is listening port 5000
2025-07-21 15:05:39: info: 🚀 Connected to MongoDB!
2025-07-21 15:05:39: info: 🚀 MongoDB connection opened!
2025-07-21 15:05:42: info: POST /api/login
2025-07-21 15:06:02: info: 🚀 Connecting to MongoDB...
2025-07-21 15:06:02: info: Server is listening port 5000
2025-07-21 15:06:02: info: 🚀 Connected to MongoDB!
2025-07-21 15:06:02: info: 🚀 MongoDB connection opened!
2025-07-21 15:06:31: info: 🚀 Connecting to MongoDB...
2025-07-21 15:06:31: info: Server is listening port 5000
2025-07-21 15:06:31: info: 🚀 Connected to MongoDB!
2025-07-21 15:06:31: info: 🚀 MongoDB connection opened!
2025-07-21 15:06:33: info: 🚀 Connecting to MongoDB...
2025-07-21 15:06:33: info: Server is listening port 5000
2025-07-21 15:06:33: info: 🚀 Connected to MongoDB!
2025-07-21 15:06:33: info: 🚀 MongoDB connection opened!
2025-07-21 15:06:35: info: POST /api/login
2025-07-21 15:08:35: info: 🚀 Connecting to MongoDB...
2025-07-21 15:08:35: info: Server is listening port 5000
2025-07-21 15:08:35: info: 🚀 Connected to MongoDB!
2025-07-21 15:08:35: info: 🚀 MongoDB connection opened!
2025-07-21 15:08:55: info: 🚀 Connecting to MongoDB...
2025-07-21 15:08:55: info: Server is listening port 5000
2025-07-21 15:08:55: info: 🚀 Connected to MongoDB!
2025-07-21 15:08:55: info: 🚀 MongoDB connection opened!
2025-07-21 15:09:33: info: 🚀 Connecting to MongoDB...
2025-07-21 15:09:33: info: Server is listening port 5000
2025-07-21 15:09:33: info: 🚀 Connected to MongoDB!
2025-07-21 15:09:33: info: 🚀 MongoDB connection opened!
2025-07-21 15:09:39: info: POST /api/login
2025-07-21 15:09:39: error: ReferenceError: user is not defined
    at generateToken (C:\Users\chuki\Desktop\Program\FYP\Website\server\middleware\jwtGenerator.js:6:18)
    at Layer.handle [as handle_request] (C:\Users\chuki\Desktop\Program\FYP\Website\server\node_modules\express\lib\router\layer.js:95:5)
    at next (C:\Users\chuki\Desktop\Program\FYP\Website\server\node_modules\express\lib\router\route.js:149:13)
    at complete (C:\Users\chuki\Desktop\Program\FYP\Website\server\node_modules\passport\lib\middleware\authenticate.js:280:13)
    at C:\Users\chuki\Desktop\Program\FYP\Website\server\node_modules\passport\lib\middleware\authenticate.js:287:15
    at pass (C:\Users\chuki\Desktop\Program\FYP\Website\server\node_modules\passport\lib\authenticator.js:446:14)
    at Authenticator.transformAuthInfo (C:\Users\chuki\Desktop\Program\FYP\Website\server\node_modules\passport\lib\authenticator.js:468:5)
    at C:\Users\chuki\Desktop\Program\FYP\Website\server\node_modules\passport\lib\middleware\authenticate.js:284:22
    at req.login.req.logIn (C:\Users\chuki\Desktop\Program\FYP\Website\server\node_modules\passport\lib\http\request.js:44:13)
    at strategy.success (C:\Users\chuki\Desktop\Program\FYP\Website\server\node_modules\passport\lib\middleware\authenticate.js:265:13)
2025-07-21 15:11:53: info: 🚀 Connecting to MongoDB...
2025-07-21 15:11:53: info: Server is listening port 5000
2025-07-21 15:11:53: info: 🚀 Connected to MongoDB!
2025-07-21 15:11:53: info: 🚀 MongoDB connection opened!
2025-07-21 15:11:55: info: POST /api/login
2025-07-21 15:11:55: error: ReferenceError: user is not defined
    at generateToken (C:\Users\chuki\Desktop\Program\FYP\Website\server\middleware\jwtGenerator.js:6:18)
    at Layer.handle [as handle_request] (C:\Users\chuki\Desktop\Program\FYP\Website\server\node_modules\express\lib\router\layer.js:95:5)
    at next (C:\Users\chuki\Desktop\Program\FYP\Website\server\node_modules\express\lib\router\route.js:149:13)
    at complete (C:\Users\chuki\Desktop\Program\FYP\Website\server\node_modules\passport\lib\middleware\authenticate.js:280:13)
    at C:\Users\chuki\Desktop\Program\FYP\Website\server\node_modules\passport\lib\middleware\authenticate.js:287:15
    at pass (C:\Users\chuki\Desktop\Program\FYP\Website\server\node_modules\passport\lib\authenticator.js:446:14)
    at Authenticator.transformAuthInfo (C:\Users\chuki\Desktop\Program\FYP\Website\server\node_modules\passport\lib\authenticator.js:468:5)
    at C:\Users\chuki\Desktop\Program\FYP\Website\server\node_modules\passport\lib\middleware\authenticate.js:284:22
    at req.login.req.logIn (C:\Users\chuki\Desktop\Program\FYP\Website\server\node_modules\passport\lib\http\request.js:44:13)
    at strategy.success (C:\Users\chuki\Desktop\Program\FYP\Website\server\node_modules\passport\lib\middleware\authenticate.js:265:13)
2025-07-21 15:12:03: info: 🚀 Connecting to MongoDB...
2025-07-21 15:12:03: info: Server is listening port 5000
2025-07-21 15:12:03: info: 🚀 Connected to MongoDB!
2025-07-21 15:12:03: info: 🚀 MongoDB connection opened!
2025-07-21 15:12:17: info: 🚀 Connecting to MongoDB...
2025-07-21 15:12:17: info: Server is listening port 5000
2025-07-21 15:12:17: info: 🚀 Connected to MongoDB!
2025-07-21 15:12:17: info: 🚀 MongoDB connection opened!
2025-07-21 15:12:19: info: POST /api/login
2025-07-21 15:12:19: error: ReferenceError: user is not defined
    at generateToken (C:\Users\chuki\Desktop\Program\FYP\Website\server\middleware\jwtGenerator.js:7:18)
    at Layer.handle [as handle_request] (C:\Users\chuki\Desktop\Program\FYP\Website\server\node_modules\express\lib\router\layer.js:95:5)
    at next (C:\Users\chuki\Desktop\Program\FYP\Website\server\node_modules\express\lib\router\route.js:149:13)
    at complete (C:\Users\chuki\Desktop\Program\FYP\Website\server\node_modules\passport\lib\middleware\authenticate.js:280:13)
    at C:\Users\chuki\Desktop\Program\FYP\Website\server\node_modules\passport\lib\middleware\authenticate.js:287:15
    at pass (C:\Users\chuki\Desktop\Program\FYP\Website\server\node_modules\passport\lib\authenticator.js:446:14)
    at Authenticator.transformAuthInfo (C:\Users\chuki\Desktop\Program\FYP\Website\server\node_modules\passport\lib\authenticator.js:468:5)
    at C:\Users\chuki\Desktop\Program\FYP\Website\server\node_modules\passport\lib\middleware\authenticate.js:284:22
    at req.login.req.logIn (C:\Users\chuki\Desktop\Program\FYP\Website\server\node_modules\passport\lib\http\request.js:44:13)
    at strategy.success (C:\Users\chuki\Desktop\Program\FYP\Website\server\node_modules\passport\lib\middleware\authenticate.js:265:13)
2025-07-21 15:12:36: info: 🚀 Connecting to MongoDB...
2025-07-21 15:12:36: info: Server is listening port 5000
2025-07-21 15:12:36: info: 🚀 Connected to MongoDB!
2025-07-21 15:12:36: info: 🚀 MongoDB connection opened!
2025-07-21 15:13:33: info: 🚀 Connecting to MongoDB...
2025-07-21 15:13:33: info: Server is listening port 5000
2025-07-21 15:13:33: info: 🚀 Connected to MongoDB!
2025-07-21 15:13:33: info: 🚀 MongoDB connection opened!
2025-07-21 15:13:37: info: POST /api/login
2025-07-21 15:16:03: info: 🚀 Connecting to MongoDB...
2025-07-21 15:16:03: info: Server is listening port 5000
2025-07-21 15:16:03: info: 🚀 Connected to MongoDB!
2025-07-21 15:16:03: info: 🚀 MongoDB connection opened!
2025-07-21 15:45:20: info: POST /api/login
2025-07-21 15:45:47: info: POST /api/login
2025-07-21 15:46:17: info: 🚀 Connecting to MongoDB...
2025-07-21 15:46:17: info: Server is listening port 5000
2025-07-21 15:46:17: info: 🚀 Connected to MongoDB!
2025-07-21 15:46:17: info: 🚀 MongoDB connection opened!
2025-07-21 15:46:19: info: POST /api/login
2025-07-21 15:46:58: info: 🚀 Connecting to MongoDB...
2025-07-21 15:46:58: info: Server is listening port 5000
2025-07-21 15:46:58: info: 🚀 Connected to MongoDB!
2025-07-21 15:46:58: info: 🚀 MongoDB connection opened!
2025-07-21 15:47:03: info: POST /api/login
2025-07-21 15:47:48: info: 🚀 Connecting to MongoDB...
2025-07-21 15:47:48: info: Server is listening port 5000
2025-07-21 15:47:48: info: 🚀 Connected to MongoDB!
2025-07-21 15:47:48: info: 🚀 MongoDB connection opened!
2025-07-21 15:47:55: info: POST /api/login
2025-07-21 15:48:09: info: 🚀 Connecting to MongoDB...
2025-07-21 15:48:09: info: Server is listening port 5000
2025-07-21 15:48:09: info: 🚀 Connected to MongoDB!
2025-07-21 15:48:09: info: 🚀 MongoDB connection opened!
2025-07-21 15:48:11: info: POST /api/login
2025-07-21 15:48:21: info: POST /api/login
2025-07-21 15:48:24: info: POST /api/login
2025-07-21 15:54:14: info: 🚀 Connecting to MongoDB...
2025-07-21 15:54:14: info: Server is listening port 5000
2025-07-21 15:54:14: info: 🚀 Connected to MongoDB!
2025-07-21 15:54:14: info: 🚀 MongoDB connection opened!
2025-07-21 15:54:27: info: POST /api/register
2025-07-21 15:54:27: error: ValidationError: body.userName is required. body.password length must be at least 6 characters long. body.username is not allowed
2025-07-21 15:55:27: info: 🚀 Connecting to MongoDB...
2025-07-21 15:55:27: info: Server is listening port 5000
2025-07-21 15:55:27: info: 🚀 Connected to MongoDB!
2025-07-21 15:55:27: info: 🚀 MongoDB connection opened!
2025-07-21 15:55:35: info: 🚀 Connecting to MongoDB...
2025-07-21 15:55:35: info: Server is listening port 5000
2025-07-21 15:55:35: info: 🚀 Connected to MongoDB!
2025-07-21 15:55:35: info: 🚀 MongoDB connection opened!
2025-07-21 15:55:38: info: POST /api/register
2025-07-21 15:57:09: info: 🚀 Connecting to MongoDB...
2025-07-21 15:57:09: info: Server is listening port 5000
2025-07-21 15:57:09: info: 🚀 Connected to MongoDB!
2025-07-21 15:57:09: info: 🚀 MongoDB connection opened!
2025-07-21 15:57:11: info: POST /api/register
2025-07-21 15:57:11: error: APIError: [object Object]
    at register (C:\Users\chuki\Desktop\Program\FYP\Website\server\controllers\authController.js:10:13)
    at process.processTicksAndRejections (node:internal/process/task_queues:95:5)
2025-07-21 16:00:06: info: POST /api/register/1
2025-07-21 16:00:06: error: APIError
    at notFound (C:\Users\chuki\Desktop\Program\FYP\Website\server\middleware\error.js:31:14)
    at Layer.handle [as handle_request] (C:\Users\chuki\Desktop\Program\FYP\Website\server\node_modules\express\lib\router\layer.js:95:5)
    at trim_prefix (C:\Users\chuki\Desktop\Program\FYP\Website\server\node_modules\express\lib\router\index.js:328:13)
    at C:\Users\chuki\Desktop\Program\FYP\Website\server\node_modules\express\lib\router\index.js:286:9
    at Function.process_params (C:\Users\chuki\Desktop\Program\FYP\Website\server\node_modules\express\lib\router\index.js:346:12)
    at next (C:\Users\chuki\Desktop\Program\FYP\Website\server\node_modules\express\lib\router\index.js:280:10)
    at Layer.handle [as handle_request] (C:\Users\chuki\Desktop\Program\FYP\Website\server\node_modules\express\lib\router\layer.js:91:12)
    at trim_prefix (C:\Users\chuki\Desktop\Program\FYP\Website\server\node_modules\express\lib\router\index.js:328:13)
    at C:\Users\chuki\Desktop\Program\FYP\Website\server\node_modules\express\lib\router\index.js:286:9
    at Function.process_params (C:\Users\chuki\Desktop\Program\FYP\Website\server\node_modules\express\lib\router\index.js:346:12)
2025-07-21 16:00:25: info: GET /api/rrr
2025-07-21 16:00:25: error: APIError
    at notFound (C:\Users\chuki\Desktop\Program\FYP\Website\server\middleware\error.js:31:14)
    at Layer.handle [as handle_request] (C:\Users\chuki\Desktop\Program\FYP\Website\server\node_modules\express\lib\router\layer.js:95:5)
    at trim_prefix (C:\Users\chuki\Desktop\Program\FYP\Website\server\node_modules\express\lib\router\index.js:328:13)
    at C:\Users\chuki\Desktop\Program\FYP\Website\server\node_modules\express\lib\router\index.js:286:9
    at Function.process_params (C:\Users\chuki\Desktop\Program\FYP\Website\server\node_modules\express\lib\router\index.js:346:12)
    at next (C:\Users\chuki\Desktop\Program\FYP\Website\server\node_modules\express\lib\router\index.js:280:10)
    at Layer.handle [as handle_request] (C:\Users\chuki\Desktop\Program\FYP\Website\server\node_modules\express\lib\router\layer.js:91:12)
    at trim_prefix (C:\Users\chuki\Desktop\Program\FYP\Website\server\node_modules\express\lib\router\index.js:328:13)
    at C:\Users\chuki\Desktop\Program\FYP\Website\server\node_modules\express\lib\router\index.js:286:9
    at Function.process_params (C:\Users\chuki\Desktop\Program\FYP\Website\server\node_modules\express\lib\router\index.js:346:12)
2025-07-21 16:00:38: info: GET /23123
2025-07-21 16:00:38: error: APIError
    at notFound (C:\Users\chuki\Desktop\Program\FYP\Website\server\middleware\error.js:31:14)
    at Layer.handle [as handle_request] (C:\Users\chuki\Desktop\Program\FYP\Website\server\node_modules\express\lib\router\layer.js:95:5)
    at trim_prefix (C:\Users\chuki\Desktop\Program\FYP\Website\server\node_modules\express\lib\router\index.js:328:13)
    at C:\Users\chuki\Desktop\Program\FYP\Website\server\node_modules\express\lib\router\index.js:286:9
    at Function.process_params (C:\Users\chuki\Desktop\Program\FYP\Website\server\node_modules\express\lib\router\index.js:346:12)
    at next (C:\Users\chuki\Desktop\Program\FYP\Website\server\node_modules\express\lib\router\index.js:280:10)
    at Layer.handle [as handle_request] (C:\Users\chuki\Desktop\Program\FYP\Website\server\node_modules\express\lib\router\layer.js:91:12)
    at trim_prefix (C:\Users\chuki\Desktop\Program\FYP\Website\server\node_modules\express\lib\router\index.js:328:13)
    at C:\Users\chuki\Desktop\Program\FYP\Website\server\node_modules\express\lib\router\index.js:286:9
    at Function.process_params (C:\Users\chuki\Desktop\Program\FYP\Website\server\node_modules\express\lib\router\index.js:346:12)
2025-07-21 16:00:45: info: GET /eee
2025-07-21 16:00:45: error: APIError
    at notFound (C:\Users\chuki\Desktop\Program\FYP\Website\server\middleware\error.js:31:14)
    at Layer.handle [as handle_request] (C:\Users\chuki\Desktop\Program\FYP\Website\server\node_modules\express\lib\router\layer.js:95:5)
    at trim_prefix (C:\Users\chuki\Desktop\Program\FYP\Website\server\node_modules\express\lib\router\index.js:328:13)
    at C:\Users\chuki\Desktop\Program\FYP\Website\server\node_modules\express\lib\router\index.js:286:9
    at Function.process_params (C:\Users\chuki\Desktop\Program\FYP\Website\server\node_modules\express\lib\router\index.js:346:12)
    at next (C:\Users\chuki\Desktop\Program\FYP\Website\server\node_modules\express\lib\router\index.js:280:10)
    at Layer.handle [as handle_request] (C:\Users\chuki\Desktop\Program\FYP\Website\server\node_modules\express\lib\router\layer.js:91:12)
    at trim_prefix (C:\Users\chuki\Desktop\Program\FYP\Website\server\node_modules\express\lib\router\index.js:328:13)
    at C:\Users\chuki\Desktop\Program\FYP\Website\server\node_modules\express\lib\router\index.js:286:9
    at Function.process_params (C:\Users\chuki\Desktop\Program\FYP\Website\server\node_modules\express\lib\router\index.js:346:12)
2025-07-21 16:01:24: info: POST /api/register
2025-07-21 16:01:24: error: ValidationError: body.username length must be at least 5 characters long
2025-07-21 16:04:05: info: 🚀 Connecting to MongoDB...
2025-07-21 16:04:05: info: Server is listening port 5000
2025-07-21 16:04:05: info: 🚀 Connected to MongoDB!
2025-07-21 16:04:05: info: 🚀 MongoDB connection opened!
2025-07-21 16:05:42: info: 🚀 Connecting to MongoDB...
2025-07-21 16:05:42: info: Server is listening port 5000
2025-07-21 16:05:42: info: 🚀 Connected to MongoDB!
2025-07-21 16:05:42: info: 🚀 MongoDB connection opened!
2025-07-21 16:05:44: info: POST /api/register
2025-07-21 16:05:44: error: APIError: [object Object]
    at register (C:\Users\chuki\Desktop\Program\FYP\Website\server\controllers\authController.js:10:13)
    at process.processTicksAndRejections (node:internal/process/task_queues:95:5)
2025-07-21 16:06:02: info: 🚀 Connecting to MongoDB...
2025-07-21 16:06:02: info: Server is listening port 5000
2025-07-21 16:06:02: info: 🚀 Connected to MongoDB!
2025-07-21 16:06:02: info: 🚀 MongoDB connection opened!
2025-07-21 16:06:04: info: POST /api/register
2025-07-21 16:06:04: error: APIError: [object Object]
    at register (C:\Users\chuki\Desktop\Program\FYP\Website\server\controllers\authController.js:10:13)
    at process.processTicksAndRejections (node:internal/process/task_queues:95:5)
2025-07-21 16:06:37: info: 🚀 Connecting to MongoDB...
2025-07-21 16:06:37: info: Server is listening port 5000
2025-07-21 16:06:37: info: 🚀 Connected to MongoDB!
2025-07-21 16:06:37: info: 🚀 MongoDB connection opened!
2025-07-21 16:07:45: info: 🚀 Connecting to MongoDB...
2025-07-21 16:07:45: info: Server is listening port 5000
2025-07-21 16:07:45: info: 🚀 Connected to MongoDB!
2025-07-21 16:07:45: info: 🚀 MongoDB connection opened!
2025-07-21 16:07:48: info: POST /api/register
2025-07-21 16:07:48: error: APIError: [object Object]
    at register (C:\Users\chuki\Desktop\Program\FYP\Website\server\controllers\authController.js:11:13)
    at process.processTicksAndRejections (node:internal/process/task_queues:95:5)
2025-07-21 16:09:55: info: POST /api/register
2025-07-21 16:09:55: error: APIError: [object Object]
    at register (C:\Users\chuki\Desktop\Program\FYP\Website\server\controllers\authController.js:11:13)
    at process.processTicksAndRejections (node:internal/process/task_queues:95:5)
2025-07-21 16:10:06: info: 🚀 Connecting to MongoDB...
2025-07-21 16:10:06: info: Server is listening port 5000
2025-07-21 16:10:06: info: 🚀 Connected to MongoDB!
2025-07-21 16:10:06: info: 🚀 MongoDB connection opened!
2025-07-21 16:10:09: info: POST /api/register
2025-07-21 16:10:09: error: ReferenceError: httpStatus is not defined
    at register (C:\Users\chuki\Desktop\Program\FYP\Website\server\controllers\authController.js:10:19)
    at process.processTicksAndRejections (node:internal/process/task_queues:95:5)
2025-07-21 16:11:10: info: 🚀 Connecting to MongoDB...
2025-07-21 16:11:10: info: Server is listening port 5000
2025-07-21 16:11:10: info: 🚀 Connected to MongoDB!
2025-07-21 16:11:10: info: 🚀 MongoDB connection opened!
2025-07-21 16:11:12: info: POST /api/register
2025-07-21 16:11:12: error: APIError: [object Object]
    at register (C:\Users\chuki\Desktop\Program\FYP\Website\server\controllers\authController.js:11:13)
    at process.processTicksAndRejections (node:internal/process/task_queues:95:5)
2025-07-21 16:11:29: info: 🚀 Connecting to MongoDB...
2025-07-21 16:11:29: info: Server is listening port 5000
2025-07-21 16:11:30: info: 🚀 Connected to MongoDB!
2025-07-21 16:11:30: info: 🚀 MongoDB connection opened!
2025-07-21 16:12:17: info: 🚀 Connecting to MongoDB...
2025-07-21 16:12:17: info: Server is listening port 5000
2025-07-21 16:12:17: info: 🚀 Connected to MongoDB!
2025-07-21 16:12:17: info: 🚀 MongoDB connection opened!
2025-07-21 16:12:32: info: 🚀 Connecting to MongoDB...
2025-07-21 16:12:32: info: Server is listening port 5000
2025-07-21 16:12:32: info: 🚀 Connected to MongoDB!
2025-07-21 16:12:32: info: 🚀 MongoDB connection opened!
2025-07-21 16:14:11: info: 🚀 Connecting to MongoDB...
2025-07-21 16:14:11: info: Server is listening port 5000
2025-07-21 16:14:11: info: 🚀 Connected to MongoDB!
2025-07-21 16:14:11: info: 🚀 MongoDB connection opened!
2025-07-21 16:14:13: info: POST /api/register
2025-07-21 16:14:13: error: ReferenceError: httpStatus is not defined
    at register (C:\Users\chuki\Desktop\Program\FYP\Website\server\controllers\authController.js:9:19)
    at process.processTicksAndRejections (node:internal/process/task_queues:95:5)
2025-07-21 16:14:44: info: 🚀 Connecting to MongoDB...
2025-07-21 16:14:44: info: Server is listening port 5000
2025-07-21 16:14:44: info: 🚀 Connected to MongoDB!
2025-07-21 16:14:44: info: 🚀 MongoDB connection opened!
2025-07-21 16:14:45: info: POST /api/register
2025-07-21 16:14:45: error: APIError: [object Object]
    at register (C:\Users\chuki\Desktop\Program\FYP\Website\server\controllers\authController.js:9:13)
    at process.processTicksAndRejections (node:internal/process/task_queues:95:5)
2025-07-21 16:15:36: info: POST /api/register
2025-07-21 16:19:43: info: 🚀 Connecting to MongoDB...
2025-07-21 16:19:43: info: Server is listening port 5000
2025-07-21 16:19:43: info: 🚀 Connected to MongoDB!
2025-07-21 16:19:43: info: 🚀 MongoDB connection opened!
2025-07-21 16:19:55: info: POST /api/login
2025-07-21 16:20:17: info: GET /api//validate-token
2025-07-21 16:22:46: info: 🚀 Connecting to MongoDB...
2025-07-21 16:22:46: info: Server is listening port 5000
2025-07-21 16:22:46: info: 🚀 Connected to MongoDB!
2025-07-21 16:22:46: info: 🚀 MongoDB connection opened!
2025-07-21 16:23:17: info: POST /api/login
2025-07-21 16:25:15: info: POST /api//validate-token
2025-07-21 16:25:15: error: ReferenceError: httpStatus is not defined
    at notFound (C:\Users\chuki\Desktop\Program\FYP\Website\server\middleware\error.js:30:44)
    at Layer.handle [as handle_request] (C:\Users\chuki\Desktop\Program\FYP\Website\server\node_modules\express\lib\router\layer.js:95:5)
    at trim_prefix (C:\Users\chuki\Desktop\Program\FYP\Website\server\node_modules\express\lib\router\index.js:328:13)
    at C:\Users\chuki\Desktop\Program\FYP\Website\server\node_modules\express\lib\router\index.js:286:9
    at Function.process_params (C:\Users\chuki\Desktop\Program\FYP\Website\server\node_modules\express\lib\router\index.js:346:12)
    at next (C:\Users\chuki\Desktop\Program\FYP\Website\server\node_modules\express\lib\router\index.js:280:10)
    at Layer.handle [as handle_request] (C:\Users\chuki\Desktop\Program\FYP\Website\server\node_modules\express\lib\router\layer.js:91:12)
    at trim_prefix (C:\Users\chuki\Desktop\Program\FYP\Website\server\node_modules\express\lib\router\index.js:328:13)
    at C:\Users\chuki\Desktop\Program\FYP\Website\server\node_modules\express\lib\router\index.js:286:9
    at Function.process_params (C:\Users\chuki\Desktop\Program\FYP\Website\server\node_modules\express\lib\router\index.js:346:12)
2025-07-21 16:25:23: info: 🚀 Connecting to MongoDB...
2025-07-21 16:25:23: info: Server is listening port 5000
2025-07-21 16:25:23: info: 🚀 Connected to MongoDB!
2025-07-21 16:25:23: info: 🚀 MongoDB connection opened!
2025-07-21 16:26:10: info: 🚀 Connecting to MongoDB...
2025-07-21 16:26:10: info: Server is listening port 5000
2025-07-21 16:26:10: info: 🚀 Connected to MongoDB!
2025-07-21 16:26:10: info: 🚀 MongoDB connection opened!
2025-07-21 16:26:18: info: POST /api//validate-token
2025-07-21 16:30:35: info: POST /api/login
2025-07-21 16:30:57: info: POST /api/login
2025-07-21 16:31:05: info: POST /api//validate-token
2025-07-21 16:31:05: error: TypeError: User.getUserbyID is not a function
    at JwtStrategy._verify (C:\Users\chuki\Desktop\Program\FYP\Website\server\config\passport.js:54:33)
    at C:\Users\chuki\Desktop\Program\FYP\Website\server\node_modules\passport-jwt\lib\strategy.js:123:34
    at C:\Users\chuki\Desktop\Program\FYP\Website\server\node_modules\jsonwebtoken\verify.js:261:12
    at getSecret (C:\Users\chuki\Desktop\Program\FYP\Website\server\node_modules\jsonwebtoken\verify.js:97:14)
    at module.exports [as verify] (C:\Users\chuki\Desktop\Program\FYP\Website\server\node_modules\jsonwebtoken\verify.js:101:10)
    at module.exports [as JwtVerifier] (C:\Users\chuki\Desktop\Program\FYP\Website\server\node_modules\passport-jwt\lib\verify_jwt.js:4:16)
    at C:\Users\chuki\Desktop\Program\FYP\Website\server\node_modules\passport-jwt\lib\strategy.js:104:25
    at JwtStrategy._secretOrKeyProvider (C:\Users\chuki\Desktop\Program\FYP\Website\server\node_modules\passport-jwt\lib\strategy.js:40:13)
    at JwtStrategy.authenticate (C:\Users\chuki\Desktop\Program\FYP\Website\server\node_modules\passport-jwt\lib\strategy.js:99:10)
    at attempt (C:\Users\chuki\Desktop\Program\FYP\Website\server\node_modules\passport\lib\middleware\authenticate.js:378:16)
2025-07-21 16:32:06: info: 🚀 Connecting to MongoDB...
2025-07-21 16:32:06: info: Server is listening port 5000
2025-07-21 16:32:06: info: 🚀 Connected to MongoDB!
2025-07-21 16:32:06: info: 🚀 MongoDB connection opened!
2025-07-21 16:32:09: info: POST /api//validate-token
2025-07-21 16:32:09: error: ReferenceError: id is not defined
    at Function.getUserById (C:\Users\chuki\Desktop\Program\FYP\Website\server\models\user.js:23:36)
    at JwtStrategy._verify (C:\Users\chuki\Desktop\Program\FYP\Website\server\config\passport.js:54:33)
    at C:\Users\chuki\Desktop\Program\FYP\Website\server\node_modules\passport-jwt\lib\strategy.js:123:34
    at C:\Users\chuki\Desktop\Program\FYP\Website\server\node_modules\jsonwebtoken\verify.js:261:12
    at getSecret (C:\Users\chuki\Desktop\Program\FYP\Website\server\node_modules\jsonwebtoken\verify.js:97:14)
    at module.exports [as verify] (C:\Users\chuki\Desktop\Program\FYP\Website\server\node_modules\jsonwebtoken\verify.js:101:10)
    at module.exports [as JwtVerifier] (C:\Users\chuki\Desktop\Program\FYP\Website\server\node_modules\passport-jwt\lib\verify_jwt.js:4:16)
    at C:\Users\chuki\Desktop\Program\FYP\Website\server\node_modules\passport-jwt\lib\strategy.js:104:25
    at JwtStrategy._secretOrKeyProvider (C:\Users\chuki\Desktop\Program\FYP\Website\server\node_modules\passport-jwt\lib\strategy.js:40:13)
    at JwtStrategy.authenticate (C:\Users\chuki\Desktop\Program\FYP\Website\server\node_modules\passport-jwt\lib\strategy.js:99:10)
2025-07-21 16:32:46: info: 🚀 Connecting to MongoDB...
2025-07-21 16:32:46: info: Server is listening port 5000
2025-07-21 16:32:46: info: 🚀 Connected to MongoDB!
2025-07-21 16:32:46: info: 🚀 MongoDB connection opened!
2025-07-21 16:32:47: info: POST /api//validate-token
2025-07-21 16:32:47: error: ReferenceError: id is not defined
    at Function.getUserById (C:\Users\chuki\Desktop\Program\FYP\Website\server\models\user.js:23:36)
    at JwtStrategy._verify (C:\Users\chuki\Desktop\Program\FYP\Website\server\config\passport.js:55:33)
    at C:\Users\chuki\Desktop\Program\FYP\Website\server\node_modules\passport-jwt\lib\strategy.js:123:34
    at C:\Users\chuki\Desktop\Program\FYP\Website\server\node_modules\jsonwebtoken\verify.js:261:12
    at getSecret (C:\Users\chuki\Desktop\Program\FYP\Website\server\node_modules\jsonwebtoken\verify.js:97:14)
    at module.exports [as verify] (C:\Users\chuki\Desktop\Program\FYP\Website\server\node_modules\jsonwebtoken\verify.js:101:10)
    at module.exports [as JwtVerifier] (C:\Users\chuki\Desktop\Program\FYP\Website\server\node_modules\passport-jwt\lib\verify_jwt.js:4:16)
    at C:\Users\chuki\Desktop\Program\FYP\Website\server\node_modules\passport-jwt\lib\strategy.js:104:25
    at JwtStrategy._secretOrKeyProvider (C:\Users\chuki\Desktop\Program\FYP\Website\server\node_modules\passport-jwt\lib\strategy.js:40:13)
    at JwtStrategy.authenticate (C:\Users\chuki\Desktop\Program\FYP\Website\server\node_modules\passport-jwt\lib\strategy.js:99:10)
2025-07-21 16:34:36: info: 🚀 Connecting to MongoDB...
2025-07-21 16:34:36: info: Server is listening port 5000
2025-07-21 16:34:36: info: 🚀 Connected to MongoDB!
2025-07-21 16:34:36: info: 🚀 MongoDB connection opened!
2025-07-21 16:34:38: info: POST /api//validate-token
2025-07-21 16:34:38: error: ReferenceError: id is not defined
    at Function.getUserById (C:\Users\chuki\Desktop\Program\FYP\Website\server\models\user.js:25:36)
    at JwtStrategy._verify (C:\Users\chuki\Desktop\Program\FYP\Website\server\config\passport.js:55:33)
    at C:\Users\chuki\Desktop\Program\FYP\Website\server\node_modules\passport-jwt\lib\strategy.js:123:34
    at C:\Users\chuki\Desktop\Program\FYP\Website\server\node_modules\jsonwebtoken\verify.js:261:12
    at getSecret (C:\Users\chuki\Desktop\Program\FYP\Website\server\node_modules\jsonwebtoken\verify.js:97:14)
    at module.exports [as verify] (C:\Users\chuki\Desktop\Program\FYP\Website\server\node_modules\jsonwebtoken\verify.js:101:10)
    at module.exports [as JwtVerifier] (C:\Users\chuki\Desktop\Program\FYP\Website\server\node_modules\passport-jwt\lib\verify_jwt.js:4:16)
    at C:\Users\chuki\Desktop\Program\FYP\Website\server\node_modules\passport-jwt\lib\strategy.js:104:25
    at JwtStrategy._secretOrKeyProvider (C:\Users\chuki\Desktop\Program\FYP\Website\server\node_modules\passport-jwt\lib\strategy.js:40:13)
    at JwtStrategy.authenticate (C:\Users\chuki\Desktop\Program\FYP\Website\server\node_modules\passport-jwt\lib\strategy.js:99:10)
2025-07-21 16:36:21: info: 🚀 Connecting to MongoDB...
2025-07-21 16:36:21: info: Server is listening port 5000
2025-07-21 16:36:21: info: 🚀 Connected to MongoDB!
2025-07-21 16:36:21: info: 🚀 MongoDB connection opened!
2025-07-21 16:36:27: info: 🚀 Connecting to MongoDB...
2025-07-21 16:36:27: info: Server is listening port 5000
2025-07-21 16:36:27: info: 🚀 Connected to MongoDB!
2025-07-21 16:36:27: info: 🚀 MongoDB connection opened!
2025-07-21 16:36:28: info: POST /api//validate-token
2025-07-21 16:36:28: error: Error: Login sessions require session support. Did you forget to use `express-session` middleware?
    at SessionManager.logIn (C:\Users\chuki\Desktop\Program\FYP\Website\server\node_modules\passport\lib\sessionmanager.js:21:33)
    at req.login.req.logIn (C:\Users\chuki\Desktop\Program\FYP\Website\server\node_modules\passport\lib\http\request.js:39:26)
    at strategy.success (C:\Users\chuki\Desktop\Program\FYP\Website\server\node_modules\passport\lib\middleware\authenticate.js:265:13)
    at verified (C:\Users\chuki\Desktop\Program\FYP\Website\server\node_modules\passport-jwt\lib\strategy.js:115:41)
    at JwtStrategy._verify (C:\Users\chuki\Desktop\Program\FYP\Website\server\config\passport.js:57:16)
    at process.processTicksAndRejections (node:internal/process/task_queues:95:5)
2025-07-21 16:38:29: info: 🚀 Connecting to MongoDB...
2025-07-21 16:38:29: info: Server is listening port 5000
2025-07-21 16:38:29: info: 🚀 Connected to MongoDB!
2025-07-21 16:38:29: info: 🚀 MongoDB connection opened!
2025-07-21 16:38:31: info: POST /api//validate-token
2025-07-21 16:41:44: info: 🚀 Connecting to MongoDB...
2025-07-21 16:41:44: info: Server is listening port 5000
2025-07-21 16:41:44: info: 🚀 Connected to MongoDB!
2025-07-21 16:41:44: info: 🚀 MongoDB connection opened!
2025-07-21 16:42:03: info: GET /api/validate-token
2025-07-21 16:42:03: error: APIError: 404 Not Found
    at notFound (C:\Users\chuki\Desktop\Program\FYP\Website\server\middleware\error.js:30:14)
    at Layer.handle [as handle_request] (C:\Users\chuki\Desktop\Program\FYP\Website\server\node_modules\express\lib\router\layer.js:95:5)
    at trim_prefix (C:\Users\chuki\Desktop\Program\FYP\Website\server\node_modules\express\lib\router\index.js:328:13)
    at C:\Users\chuki\Desktop\Program\FYP\Website\server\node_modules\express\lib\router\index.js:286:9
    at Function.process_params (C:\Users\chuki\Desktop\Program\FYP\Website\server\node_modules\express\lib\router\index.js:346:12)
    at next (C:\Users\chuki\Desktop\Program\FYP\Website\server\node_modules\express\lib\router\index.js:280:10)
    at Layer.handle [as handle_request] (C:\Users\chuki\Desktop\Program\FYP\Website\server\node_modules\express\lib\router\layer.js:91:12)
    at trim_prefix (C:\Users\chuki\Desktop\Program\FYP\Website\server\node_modules\express\lib\router\index.js:328:13)
    at C:\Users\chuki\Desktop\Program\FYP\Website\server\node_modules\express\lib\router\index.js:286:9
    at Function.process_params (C:\Users\chuki\Desktop\Program\FYP\Website\server\node_modules\express\lib\router\index.js:346:12)
2025-07-21 16:42:03: info: GET /favicon.ico
2025-07-21 16:42:03: error: APIError: 404 Not Found
    at notFound (C:\Users\chuki\Desktop\Program\FYP\Website\server\middleware\error.js:30:14)
    at Layer.handle [as handle_request] (C:\Users\chuki\Desktop\Program\FYP\Website\server\node_modules\express\lib\router\layer.js:95:5)
    at trim_prefix (C:\Users\chuki\Desktop\Program\FYP\Website\server\node_modules\express\lib\router\index.js:328:13)
    at C:\Users\chuki\Desktop\Program\FYP\Website\server\node_modules\express\lib\router\index.js:286:9
    at Function.process_params (C:\Users\chuki\Desktop\Program\FYP\Website\server\node_modules\express\lib\router\index.js:346:12)
    at next (C:\Users\chuki\Desktop\Program\FYP\Website\server\node_modules\express\lib\router\index.js:280:10)
    at Layer.handle [as handle_request] (C:\Users\chuki\Desktop\Program\FYP\Website\server\node_modules\express\lib\router\layer.js:91:12)
    at trim_prefix (C:\Users\chuki\Desktop\Program\FYP\Website\server\node_modules\express\lib\router\index.js:328:13)
    at C:\Users\chuki\Desktop\Program\FYP\Website\server\node_modules\express\lib\router\index.js:286:9
    at Function.process_params (C:\Users\chuki\Desktop\Program\FYP\Website\server\node_modules\express\lib\router\index.js:346:12)
2025-07-21 16:42:08: info: POST /api/login
2025-07-21 16:42:11: info: GET /api/gallery
2025-07-21 16:42:28: info: GET /api/gallery
2025-07-21 16:51:38: info: 🚀 Connecting to MongoDB...
2025-07-21 16:51:38: info: Server is listening port 5000
2025-07-21 16:51:38: info: 🚀 Connected to MongoDB!
2025-07-21 16:51:38: info: 🚀 MongoDB connection opened!
2025-07-21 16:51:48: info: POST /api/login
2025-07-21 16:52:03: info: POST /api//validate-token
2025-07-21 16:52:40: info: 🚀 Connecting to MongoDB...
2025-07-21 16:52:40: info: Server is listening port 5000
2025-07-21 16:52:40: info: 🚀 Connected to MongoDB!
2025-07-21 16:52:40: info: 🚀 MongoDB connection opened!
2025-07-21 16:52:51: info: 🚀 Connecting to MongoDB...
2025-07-21 16:52:51: info: Server is listening port 5000
2025-07-21 16:52:52: info: 🚀 Connected to MongoDB!
2025-07-21 16:52:52: info: 🚀 MongoDB connection opened!
2025-07-21 16:52:54: info: POST /api//validate-token
2025-07-21 16:53:12: info: GET /api/gallery
2025-07-21 16:53:51: info: 🚀 Connecting to MongoDB...
2025-07-21 16:53:51: info: Server is listening port 5000
2025-07-21 16:53:52: info: 🚀 Connected to MongoDB!
2025-07-21 16:53:52: info: 🚀 MongoDB connection opened!
2025-07-21 16:53:54: info: POST /api/login
2025-07-21 16:53:57: info: POST /api//validate-token
2025-07-21 16:55:07: info: 🚀 Connecting to MongoDB...
2025-07-21 16:55:07: info: Server is listening port 5000
2025-07-21 16:55:07: info: 🚀 Connected to MongoDB!
2025-07-21 16:55:07: info: 🚀 MongoDB connection opened!
2025-07-21 16:55:13: info: POST /api/login
2025-07-21 16:55:18: info: POST /api//validate-token
2025-07-21 16:55:21: info: POST /api//validate-token
2025-07-21 16:55:28: info: POST /api//validate-token
2025-07-21 16:55:51: info: 🚀 Connecting to MongoDB...
2025-07-21 16:55:51: info: Server is listening port 5000
2025-07-21 16:55:51: info: 🚀 Connected to MongoDB!
2025-07-21 16:55:51: info: 🚀 MongoDB connection opened!
2025-07-21 16:56:07: info: 🚀 Connecting to MongoDB...
2025-07-21 16:56:07: info: Server is listening port 5000
2025-07-21 16:56:07: info: 🚀 Connected to MongoDB!
2025-07-21 16:56:07: info: 🚀 MongoDB connection opened!
2025-07-21 16:56:38: info: 🚀 Connecting to MongoDB...
2025-07-21 16:56:38: info: Server is listening port 5000
2025-07-21 16:56:39: info: 🚀 Connected to MongoDB!
2025-07-21 16:56:39: info: 🚀 MongoDB connection opened!
2025-07-21 16:56:55: info: GET /api/validate-token
2025-07-21 16:56:55: error: APIError: 404 Not Found
    at notFound (C:\Users\chuki\Desktop\Program\FYP\Website\server\middleware\error.js:30:14)
    at Layer.handle [as handle_request] (C:\Users\chuki\Desktop\Program\FYP\Website\server\node_modules\express\lib\router\layer.js:95:5)
    at trim_prefix (C:\Users\chuki\Desktop\Program\FYP\Website\server\node_modules\express\lib\router\index.js:328:13)
    at C:\Users\chuki\Desktop\Program\FYP\Website\server\node_modules\express\lib\router\index.js:286:9
    at Function.process_params (C:\Users\chuki\Desktop\Program\FYP\Website\server\node_modules\express\lib\router\index.js:346:12)
    at next (C:\Users\chuki\Desktop\Program\FYP\Website\server\node_modules\express\lib\router\index.js:280:10)
    at Layer.handle [as handle_request] (C:\Users\chuki\Desktop\Program\FYP\Website\server\node_modules\express\lib\router\layer.js:91:12)
    at trim_prefix (C:\Users\chuki\Desktop\Program\FYP\Website\server\node_modules\express\lib\router\index.js:328:13)
    at C:\Users\chuki\Desktop\Program\FYP\Website\server\node_modules\express\lib\router\index.js:286:9
    at Function.process_params (C:\Users\chuki\Desktop\Program\FYP\Website\server\node_modules\express\lib\router\index.js:346:12)
2025-07-21 16:57:03: info: POST /api/login
2025-07-21 16:57:05: info: GET /api/gallery
2025-07-21 16:57:12: info: GET /api/gallery
2025-07-21 16:57:14: info: GET /api/gallery
2025-07-21 16:57:15: info: GET /api/gallery
2025-07-21 16:57:16: info: GET /api/gallery
2025-07-21 16:57:54: info: PUT /api/users/favorites
2025-07-21 16:57:56: info: PUT /api/users/favorites
2025-07-21 16:57:58: info: PUT /api/users/favorites
2025-07-21 16:57:59: info: PUT /api/users/favorites
