2025-07-19 17:36:10: error: MongoDB disconnected! Reconnecting in 5s...
2025-07-19 17:37:47: error: MongoDB disconnected! Reconnecting in 5s...
2025-07-19 17:39:14: error: MongoDB disconnected! Reconnecting in 5s...
2025-07-21 15:01:47: error: ValidationError: body.email is required. body.password length must be at least 6 characters long. body.username is not allowed
2025-07-21 15:09:39: error: ReferenceError: user is not defined
    at generateToken (C:\Users\chuki\Desktop\Program\FYP\Website\server\middleware\jwtGenerator.js:6:18)
    at Layer.handle [as handle_request] (C:\Users\chuki\Desktop\Program\FYP\Website\server\node_modules\express\lib\router\layer.js:95:5)
    at next (C:\Users\chuki\Desktop\Program\FYP\Website\server\node_modules\express\lib\router\route.js:149:13)
    at complete (C:\Users\chuki\Desktop\Program\FYP\Website\server\node_modules\passport\lib\middleware\authenticate.js:280:13)
    at C:\Users\chuki\Desktop\Program\FYP\Website\server\node_modules\passport\lib\middleware\authenticate.js:287:15
    at pass (C:\Users\chuki\Desktop\Program\FYP\Website\server\node_modules\passport\lib\authenticator.js:446:14)
    at Authenticator.transformAuthInfo (C:\Users\chuki\Desktop\Program\FYP\Website\server\node_modules\passport\lib\authenticator.js:468:5)
    at C:\Users\chuki\Desktop\Program\FYP\Website\server\node_modules\passport\lib\middleware\authenticate.js:284:22
    at req.login.req.logIn (C:\Users\chuki\Desktop\Program\FYP\Website\server\node_modules\passport\lib\http\request.js:44:13)
    at strategy.success (C:\Users\chuki\Desktop\Program\FYP\Website\server\node_modules\passport\lib\middleware\authenticate.js:265:13)
2025-07-21 15:11:55: error: ReferenceError: user is not defined
    at generateToken (C:\Users\chuki\Desktop\Program\FYP\Website\server\middleware\jwtGenerator.js:6:18)
    at Layer.handle [as handle_request] (C:\Users\chuki\Desktop\Program\FYP\Website\server\node_modules\express\lib\router\layer.js:95:5)
    at next (C:\Users\chuki\Desktop\Program\FYP\Website\server\node_modules\express\lib\router\route.js:149:13)
    at complete (C:\Users\chuki\Desktop\Program\FYP\Website\server\node_modules\passport\lib\middleware\authenticate.js:280:13)
    at C:\Users\chuki\Desktop\Program\FYP\Website\server\node_modules\passport\lib\middleware\authenticate.js:287:15
    at pass (C:\Users\chuki\Desktop\Program\FYP\Website\server\node_modules\passport\lib\authenticator.js:446:14)
    at Authenticator.transformAuthInfo (C:\Users\chuki\Desktop\Program\FYP\Website\server\node_modules\passport\lib\authenticator.js:468:5)
    at C:\Users\chuki\Desktop\Program\FYP\Website\server\node_modules\passport\lib\middleware\authenticate.js:284:22
    at req.login.req.logIn (C:\Users\chuki\Desktop\Program\FYP\Website\server\node_modules\passport\lib\http\request.js:44:13)
    at strategy.success (C:\Users\chuki\Desktop\Program\FYP\Website\server\node_modules\passport\lib\middleware\authenticate.js:265:13)
2025-07-21 15:12:19: error: ReferenceError: user is not defined
    at generateToken (C:\Users\chuki\Desktop\Program\FYP\Website\server\middleware\jwtGenerator.js:7:18)
    at Layer.handle [as handle_request] (C:\Users\chuki\Desktop\Program\FYP\Website\server\node_modules\express\lib\router\layer.js:95:5)
    at next (C:\Users\chuki\Desktop\Program\FYP\Website\server\node_modules\express\lib\router\route.js:149:13)
    at complete (C:\Users\chuki\Desktop\Program\FYP\Website\server\node_modules\passport\lib\middleware\authenticate.js:280:13)
    at C:\Users\chuki\Desktop\Program\FYP\Website\server\node_modules\passport\lib\middleware\authenticate.js:287:15
    at pass (C:\Users\chuki\Desktop\Program\FYP\Website\server\node_modules\passport\lib\authenticator.js:446:14)
    at Authenticator.transformAuthInfo (C:\Users\chuki\Desktop\Program\FYP\Website\server\node_modules\passport\lib\authenticator.js:468:5)
    at C:\Users\chuki\Desktop\Program\FYP\Website\server\node_modules\passport\lib\middleware\authenticate.js:284:22
    at req.login.req.logIn (C:\Users\chuki\Desktop\Program\FYP\Website\server\node_modules\passport\lib\http\request.js:44:13)
    at strategy.success (C:\Users\chuki\Desktop\Program\FYP\Website\server\node_modules\passport\lib\middleware\authenticate.js:265:13)
2025-07-21 15:54:27: error: ValidationError: body.userName is required. body.password length must be at least 6 characters long. body.username is not allowed
2025-07-21 15:57:11: error: APIError: [object Object]
    at register (C:\Users\chuki\Desktop\Program\FYP\Website\server\controllers\authController.js:10:13)
    at process.processTicksAndRejections (node:internal/process/task_queues:95:5)
2025-07-21 16:00:06: error: APIError
    at notFound (C:\Users\chuki\Desktop\Program\FYP\Website\server\middleware\error.js:31:14)
    at Layer.handle [as handle_request] (C:\Users\chuki\Desktop\Program\FYP\Website\server\node_modules\express\lib\router\layer.js:95:5)
    at trim_prefix (C:\Users\chuki\Desktop\Program\FYP\Website\server\node_modules\express\lib\router\index.js:328:13)
    at C:\Users\chuki\Desktop\Program\FYP\Website\server\node_modules\express\lib\router\index.js:286:9
    at Function.process_params (C:\Users\chuki\Desktop\Program\FYP\Website\server\node_modules\express\lib\router\index.js:346:12)
    at next (C:\Users\chuki\Desktop\Program\FYP\Website\server\node_modules\express\lib\router\index.js:280:10)
    at Layer.handle [as handle_request] (C:\Users\chuki\Desktop\Program\FYP\Website\server\node_modules\express\lib\router\layer.js:91:12)
    at trim_prefix (C:\Users\chuki\Desktop\Program\FYP\Website\server\node_modules\express\lib\router\index.js:328:13)
    at C:\Users\chuki\Desktop\Program\FYP\Website\server\node_modules\express\lib\router\index.js:286:9
    at Function.process_params (C:\Users\chuki\Desktop\Program\FYP\Website\server\node_modules\express\lib\router\index.js:346:12)
2025-07-21 16:00:25: error: APIError
    at notFound (C:\Users\chuki\Desktop\Program\FYP\Website\server\middleware\error.js:31:14)
    at Layer.handle [as handle_request] (C:\Users\chuki\Desktop\Program\FYP\Website\server\node_modules\express\lib\router\layer.js:95:5)
    at trim_prefix (C:\Users\chuki\Desktop\Program\FYP\Website\server\node_modules\express\lib\router\index.js:328:13)
    at C:\Users\chuki\Desktop\Program\FYP\Website\server\node_modules\express\lib\router\index.js:286:9
    at Function.process_params (C:\Users\chuki\Desktop\Program\FYP\Website\server\node_modules\express\lib\router\index.js:346:12)
    at next (C:\Users\chuki\Desktop\Program\FYP\Website\server\node_modules\express\lib\router\index.js:280:10)
    at Layer.handle [as handle_request] (C:\Users\chuki\Desktop\Program\FYP\Website\server\node_modules\express\lib\router\layer.js:91:12)
    at trim_prefix (C:\Users\chuki\Desktop\Program\FYP\Website\server\node_modules\express\lib\router\index.js:328:13)
    at C:\Users\chuki\Desktop\Program\FYP\Website\server\node_modules\express\lib\router\index.js:286:9
    at Function.process_params (C:\Users\chuki\Desktop\Program\FYP\Website\server\node_modules\express\lib\router\index.js:346:12)
2025-07-21 16:00:38: error: APIError
    at notFound (C:\Users\chuki\Desktop\Program\FYP\Website\server\middleware\error.js:31:14)
    at Layer.handle [as handle_request] (C:\Users\chuki\Desktop\Program\FYP\Website\server\node_modules\express\lib\router\layer.js:95:5)
    at trim_prefix (C:\Users\chuki\Desktop\Program\FYP\Website\server\node_modules\express\lib\router\index.js:328:13)
    at C:\Users\chuki\Desktop\Program\FYP\Website\server\node_modules\express\lib\router\index.js:286:9
    at Function.process_params (C:\Users\chuki\Desktop\Program\FYP\Website\server\node_modules\express\lib\router\index.js:346:12)
    at next (C:\Users\chuki\Desktop\Program\FYP\Website\server\node_modules\express\lib\router\index.js:280:10)
    at Layer.handle [as handle_request] (C:\Users\chuki\Desktop\Program\FYP\Website\server\node_modules\express\lib\router\layer.js:91:12)
    at trim_prefix (C:\Users\chuki\Desktop\Program\FYP\Website\server\node_modules\express\lib\router\index.js:328:13)
    at C:\Users\chuki\Desktop\Program\FYP\Website\server\node_modules\express\lib\router\index.js:286:9
    at Function.process_params (C:\Users\chuki\Desktop\Program\FYP\Website\server\node_modules\express\lib\router\index.js:346:12)
2025-07-21 16:00:45: error: APIError
    at notFound (C:\Users\chuki\Desktop\Program\FYP\Website\server\middleware\error.js:31:14)
    at Layer.handle [as handle_request] (C:\Users\chuki\Desktop\Program\FYP\Website\server\node_modules\express\lib\router\layer.js:95:5)
    at trim_prefix (C:\Users\chuki\Desktop\Program\FYP\Website\server\node_modules\express\lib\router\index.js:328:13)
    at C:\Users\chuki\Desktop\Program\FYP\Website\server\node_modules\express\lib\router\index.js:286:9
    at Function.process_params (C:\Users\chuki\Desktop\Program\FYP\Website\server\node_modules\express\lib\router\index.js:346:12)
    at next (C:\Users\chuki\Desktop\Program\FYP\Website\server\node_modules\express\lib\router\index.js:280:10)
    at Layer.handle [as handle_request] (C:\Users\chuki\Desktop\Program\FYP\Website\server\node_modules\express\lib\router\layer.js:91:12)
    at trim_prefix (C:\Users\chuki\Desktop\Program\FYP\Website\server\node_modules\express\lib\router\index.js:328:13)
    at C:\Users\chuki\Desktop\Program\FYP\Website\server\node_modules\express\lib\router\index.js:286:9
    at Function.process_params (C:\Users\chuki\Desktop\Program\FYP\Website\server\node_modules\express\lib\router\index.js:346:12)
2025-07-21 16:01:24: error: ValidationError: body.username length must be at least 5 characters long
2025-07-21 16:05:44: error: APIError: [object Object]
    at register (C:\Users\chuki\Desktop\Program\FYP\Website\server\controllers\authController.js:10:13)
    at process.processTicksAndRejections (node:internal/process/task_queues:95:5)
2025-07-21 16:06:04: error: APIError: [object Object]
    at register (C:\Users\chuki\Desktop\Program\FYP\Website\server\controllers\authController.js:10:13)
    at process.processTicksAndRejections (node:internal/process/task_queues:95:5)
2025-07-21 16:07:48: error: APIError: [object Object]
    at register (C:\Users\chuki\Desktop\Program\FYP\Website\server\controllers\authController.js:11:13)
    at process.processTicksAndRejections (node:internal/process/task_queues:95:5)
2025-07-21 16:09:55: error: APIError: [object Object]
    at register (C:\Users\chuki\Desktop\Program\FYP\Website\server\controllers\authController.js:11:13)
    at process.processTicksAndRejections (node:internal/process/task_queues:95:5)
2025-07-21 16:10:09: error: ReferenceError: httpStatus is not defined
    at register (C:\Users\chuki\Desktop\Program\FYP\Website\server\controllers\authController.js:10:19)
    at process.processTicksAndRejections (node:internal/process/task_queues:95:5)
2025-07-21 16:11:12: error: APIError: [object Object]
    at register (C:\Users\chuki\Desktop\Program\FYP\Website\server\controllers\authController.js:11:13)
    at process.processTicksAndRejections (node:internal/process/task_queues:95:5)
2025-07-21 16:14:13: error: ReferenceError: httpStatus is not defined
    at register (C:\Users\chuki\Desktop\Program\FYP\Website\server\controllers\authController.js:9:19)
    at process.processTicksAndRejections (node:internal/process/task_queues:95:5)
2025-07-21 16:14:45: error: APIError: [object Object]
    at register (C:\Users\chuki\Desktop\Program\FYP\Website\server\controllers\authController.js:9:13)
    at process.processTicksAndRejections (node:internal/process/task_queues:95:5)
2025-07-21 16:25:15: error: ReferenceError: httpStatus is not defined
    at notFound (C:\Users\chuki\Desktop\Program\FYP\Website\server\middleware\error.js:30:44)
    at Layer.handle [as handle_request] (C:\Users\chuki\Desktop\Program\FYP\Website\server\node_modules\express\lib\router\layer.js:95:5)
    at trim_prefix (C:\Users\chuki\Desktop\Program\FYP\Website\server\node_modules\express\lib\router\index.js:328:13)
    at C:\Users\chuki\Desktop\Program\FYP\Website\server\node_modules\express\lib\router\index.js:286:9
    at Function.process_params (C:\Users\chuki\Desktop\Program\FYP\Website\server\node_modules\express\lib\router\index.js:346:12)
    at next (C:\Users\chuki\Desktop\Program\FYP\Website\server\node_modules\express\lib\router\index.js:280:10)
    at Layer.handle [as handle_request] (C:\Users\chuki\Desktop\Program\FYP\Website\server\node_modules\express\lib\router\layer.js:91:12)
    at trim_prefix (C:\Users\chuki\Desktop\Program\FYP\Website\server\node_modules\express\lib\router\index.js:328:13)
    at C:\Users\chuki\Desktop\Program\FYP\Website\server\node_modules\express\lib\router\index.js:286:9
    at Function.process_params (C:\Users\chuki\Desktop\Program\FYP\Website\server\node_modules\express\lib\router\index.js:346:12)
2025-07-21 16:31:05: error: TypeError: User.getUserbyID is not a function
    at JwtStrategy._verify (C:\Users\chuki\Desktop\Program\FYP\Website\server\config\passport.js:54:33)
    at C:\Users\chuki\Desktop\Program\FYP\Website\server\node_modules\passport-jwt\lib\strategy.js:123:34
    at C:\Users\chuki\Desktop\Program\FYP\Website\server\node_modules\jsonwebtoken\verify.js:261:12
    at getSecret (C:\Users\chuki\Desktop\Program\FYP\Website\server\node_modules\jsonwebtoken\verify.js:97:14)
    at module.exports [as verify] (C:\Users\chuki\Desktop\Program\FYP\Website\server\node_modules\jsonwebtoken\verify.js:101:10)
    at module.exports [as JwtVerifier] (C:\Users\chuki\Desktop\Program\FYP\Website\server\node_modules\passport-jwt\lib\verify_jwt.js:4:16)
    at C:\Users\chuki\Desktop\Program\FYP\Website\server\node_modules\passport-jwt\lib\strategy.js:104:25
    at JwtStrategy._secretOrKeyProvider (C:\Users\chuki\Desktop\Program\FYP\Website\server\node_modules\passport-jwt\lib\strategy.js:40:13)
    at JwtStrategy.authenticate (C:\Users\chuki\Desktop\Program\FYP\Website\server\node_modules\passport-jwt\lib\strategy.js:99:10)
    at attempt (C:\Users\chuki\Desktop\Program\FYP\Website\server\node_modules\passport\lib\middleware\authenticate.js:378:16)
2025-07-21 16:32:09: error: ReferenceError: id is not defined
    at Function.getUserById (C:\Users\chuki\Desktop\Program\FYP\Website\server\models\user.js:23:36)
    at JwtStrategy._verify (C:\Users\chuki\Desktop\Program\FYP\Website\server\config\passport.js:54:33)
    at C:\Users\chuki\Desktop\Program\FYP\Website\server\node_modules\passport-jwt\lib\strategy.js:123:34
    at C:\Users\chuki\Desktop\Program\FYP\Website\server\node_modules\jsonwebtoken\verify.js:261:12
    at getSecret (C:\Users\chuki\Desktop\Program\FYP\Website\server\node_modules\jsonwebtoken\verify.js:97:14)
    at module.exports [as verify] (C:\Users\chuki\Desktop\Program\FYP\Website\server\node_modules\jsonwebtoken\verify.js:101:10)
    at module.exports [as JwtVerifier] (C:\Users\chuki\Desktop\Program\FYP\Website\server\node_modules\passport-jwt\lib\verify_jwt.js:4:16)
    at C:\Users\chuki\Desktop\Program\FYP\Website\server\node_modules\passport-jwt\lib\strategy.js:104:25
    at JwtStrategy._secretOrKeyProvider (C:\Users\chuki\Desktop\Program\FYP\Website\server\node_modules\passport-jwt\lib\strategy.js:40:13)
    at JwtStrategy.authenticate (C:\Users\chuki\Desktop\Program\FYP\Website\server\node_modules\passport-jwt\lib\strategy.js:99:10)
2025-07-21 16:32:47: error: ReferenceError: id is not defined
    at Function.getUserById (C:\Users\chuki\Desktop\Program\FYP\Website\server\models\user.js:23:36)
    at JwtStrategy._verify (C:\Users\chuki\Desktop\Program\FYP\Website\server\config\passport.js:55:33)
    at C:\Users\chuki\Desktop\Program\FYP\Website\server\node_modules\passport-jwt\lib\strategy.js:123:34
    at C:\Users\chuki\Desktop\Program\FYP\Website\server\node_modules\jsonwebtoken\verify.js:261:12
    at getSecret (C:\Users\chuki\Desktop\Program\FYP\Website\server\node_modules\jsonwebtoken\verify.js:97:14)
    at module.exports [as verify] (C:\Users\chuki\Desktop\Program\FYP\Website\server\node_modules\jsonwebtoken\verify.js:101:10)
    at module.exports [as JwtVerifier] (C:\Users\chuki\Desktop\Program\FYP\Website\server\node_modules\passport-jwt\lib\verify_jwt.js:4:16)
    at C:\Users\chuki\Desktop\Program\FYP\Website\server\node_modules\passport-jwt\lib\strategy.js:104:25
    at JwtStrategy._secretOrKeyProvider (C:\Users\chuki\Desktop\Program\FYP\Website\server\node_modules\passport-jwt\lib\strategy.js:40:13)
    at JwtStrategy.authenticate (C:\Users\chuki\Desktop\Program\FYP\Website\server\node_modules\passport-jwt\lib\strategy.js:99:10)
2025-07-21 16:34:38: error: ReferenceError: id is not defined
    at Function.getUserById (C:\Users\chuki\Desktop\Program\FYP\Website\server\models\user.js:25:36)
    at JwtStrategy._verify (C:\Users\chuki\Desktop\Program\FYP\Website\server\config\passport.js:55:33)
    at C:\Users\chuki\Desktop\Program\FYP\Website\server\node_modules\passport-jwt\lib\strategy.js:123:34
    at C:\Users\chuki\Desktop\Program\FYP\Website\server\node_modules\jsonwebtoken\verify.js:261:12
    at getSecret (C:\Users\chuki\Desktop\Program\FYP\Website\server\node_modules\jsonwebtoken\verify.js:97:14)
    at module.exports [as verify] (C:\Users\chuki\Desktop\Program\FYP\Website\server\node_modules\jsonwebtoken\verify.js:101:10)
    at module.exports [as JwtVerifier] (C:\Users\chuki\Desktop\Program\FYP\Website\server\node_modules\passport-jwt\lib\verify_jwt.js:4:16)
    at C:\Users\chuki\Desktop\Program\FYP\Website\server\node_modules\passport-jwt\lib\strategy.js:104:25
    at JwtStrategy._secretOrKeyProvider (C:\Users\chuki\Desktop\Program\FYP\Website\server\node_modules\passport-jwt\lib\strategy.js:40:13)
    at JwtStrategy.authenticate (C:\Users\chuki\Desktop\Program\FYP\Website\server\node_modules\passport-jwt\lib\strategy.js:99:10)
2025-07-21 16:36:28: error: Error: Login sessions require session support. Did you forget to use `express-session` middleware?
    at SessionManager.logIn (C:\Users\chuki\Desktop\Program\FYP\Website\server\node_modules\passport\lib\sessionmanager.js:21:33)
    at req.login.req.logIn (C:\Users\chuki\Desktop\Program\FYP\Website\server\node_modules\passport\lib\http\request.js:39:26)
    at strategy.success (C:\Users\chuki\Desktop\Program\FYP\Website\server\node_modules\passport\lib\middleware\authenticate.js:265:13)
    at verified (C:\Users\chuki\Desktop\Program\FYP\Website\server\node_modules\passport-jwt\lib\strategy.js:115:41)
    at JwtStrategy._verify (C:\Users\chuki\Desktop\Program\FYP\Website\server\config\passport.js:57:16)
    at process.processTicksAndRejections (node:internal/process/task_queues:95:5)
2025-07-21 16:42:03: error: APIError: 404 Not Found
    at notFound (C:\Users\chuki\Desktop\Program\FYP\Website\server\middleware\error.js:30:14)
    at Layer.handle [as handle_request] (C:\Users\chuki\Desktop\Program\FYP\Website\server\node_modules\express\lib\router\layer.js:95:5)
    at trim_prefix (C:\Users\chuki\Desktop\Program\FYP\Website\server\node_modules\express\lib\router\index.js:328:13)
    at C:\Users\chuki\Desktop\Program\FYP\Website\server\node_modules\express\lib\router\index.js:286:9
    at Function.process_params (C:\Users\chuki\Desktop\Program\FYP\Website\server\node_modules\express\lib\router\index.js:346:12)
    at next (C:\Users\chuki\Desktop\Program\FYP\Website\server\node_modules\express\lib\router\index.js:280:10)
    at Layer.handle [as handle_request] (C:\Users\chuki\Desktop\Program\FYP\Website\server\node_modules\express\lib\router\layer.js:91:12)
    at trim_prefix (C:\Users\chuki\Desktop\Program\FYP\Website\server\node_modules\express\lib\router\index.js:328:13)
    at C:\Users\chuki\Desktop\Program\FYP\Website\server\node_modules\express\lib\router\index.js:286:9
    at Function.process_params (C:\Users\chuki\Desktop\Program\FYP\Website\server\node_modules\express\lib\router\index.js:346:12)
2025-07-21 16:42:03: error: APIError: 404 Not Found
    at notFound (C:\Users\chuki\Desktop\Program\FYP\Website\server\middleware\error.js:30:14)
    at Layer.handle [as handle_request] (C:\Users\chuki\Desktop\Program\FYP\Website\server\node_modules\express\lib\router\layer.js:95:5)
    at trim_prefix (C:\Users\chuki\Desktop\Program\FYP\Website\server\node_modules\express\lib\router\index.js:328:13)
    at C:\Users\chuki\Desktop\Program\FYP\Website\server\node_modules\express\lib\router\index.js:286:9
    at Function.process_params (C:\Users\chuki\Desktop\Program\FYP\Website\server\node_modules\express\lib\router\index.js:346:12)
    at next (C:\Users\chuki\Desktop\Program\FYP\Website\server\node_modules\express\lib\router\index.js:280:10)
    at Layer.handle [as handle_request] (C:\Users\chuki\Desktop\Program\FYP\Website\server\node_modules\express\lib\router\layer.js:91:12)
    at trim_prefix (C:\Users\chuki\Desktop\Program\FYP\Website\server\node_modules\express\lib\router\index.js:328:13)
    at C:\Users\chuki\Desktop\Program\FYP\Website\server\node_modules\express\lib\router\index.js:286:9
    at Function.process_params (C:\Users\chuki\Desktop\Program\FYP\Website\server\node_modules\express\lib\router\index.js:346:12)
2025-07-21 16:56:55: error: APIError: 404 Not Found
    at notFound (C:\Users\chuki\Desktop\Program\FYP\Website\server\middleware\error.js:30:14)
    at Layer.handle [as handle_request] (C:\Users\chuki\Desktop\Program\FYP\Website\server\node_modules\express\lib\router\layer.js:95:5)
    at trim_prefix (C:\Users\chuki\Desktop\Program\FYP\Website\server\node_modules\express\lib\router\index.js:328:13)
    at C:\Users\chuki\Desktop\Program\FYP\Website\server\node_modules\express\lib\router\index.js:286:9
    at Function.process_params (C:\Users\chuki\Desktop\Program\FYP\Website\server\node_modules\express\lib\router\index.js:346:12)
    at next (C:\Users\chuki\Desktop\Program\FYP\Website\server\node_modules\express\lib\router\index.js:280:10)
    at Layer.handle [as handle_request] (C:\Users\chuki\Desktop\Program\FYP\Website\server\node_modules\express\lib\router\layer.js:91:12)
    at trim_prefix (C:\Users\chuki\Desktop\Program\FYP\Website\server\node_modules\express\lib\router\index.js:328:13)
    at C:\Users\chuki\Desktop\Program\FYP\Website\server\node_modules\express\lib\router\index.js:286:9
    at Function.process_params (C:\Users\chuki\Desktop\Program\FYP\Website\server\node_modules\express\lib\router\index.js:346:12)
